<?xml version="1.0" encoding="UTF-8"?>
<!-- Generated by org.testng.reporters.JUnitXMLReporter -->
<testsuite ignored="0" hostname="BOOK-EGTTO6TDF8" failures="0" tests="2" name="Surefire test" time="52.28" errors="0" timestamp="2025-03-07T17:08:17 IST">
  <testcase classname="io.cucumber.testng.AbstractTestNGCucumberTests" name="runScenario" time="23.424"/>
  <testcase classname="io.cucumber.testng.AbstractTestNGCucumberTests" name="runScenario" time="27.958"/>
</testsuite> <!-- Surefire test -->
