<?xml version="1.0" encoding="UTF-8"?>
<!-- Generated by org.testng.reporters.JUnitXMLReporter -->
<testsuite ignored="0" hostname="BOOK-EGTTO6TDF8" failures="1" tests="3" name="Error Validations Test" time="31.449" errors="0" timestamp="2025-03-06T02:03:03 IST">
  <testcase classname="princesharma.Tests.ErrorValidationsTest" name="loginErrorValidation" time="1.495">
    <skipped/>
  </testcase> <!-- loginErrorValidation -->
  <testcase classname="princesharma.Tests.ErrorValidationsTest" name="loginErrorValidation" time="1.147">
    <failure type="junit.framework.ComparisonFailure" message="expected:&amp;lt;......&amp;gt; but was:&amp;lt;...or ...&amp;gt;">
      <![CDATA[junit.framework.ComparisonFailure: expected:<......> but was:<...or ...>
at junit.framework.Assert.assertEquals(Assert.java:81)
at junit.framework.Assert.assertEquals(Assert.java:87)
at princesharma.Tests.ErrorValidationsTest.loginErrorValidation(ErrorValidationsTest.java:33)
at java.base/java.util.ArrayList.forEach(ArrayList.java:1597)
at java.base/java.util.concurrent.FutureTask.run(FutureTask.java:317)
at java.base/java.util.concurrent.ThreadPoolExecutor.runWorker(ThreadPoolExecutor.java:1144)
at java.base/java.util.concurrent.ThreadPoolExecutor$Worker.run(ThreadPoolExecutor.java:642)
at java.base/java.lang.Thread.run(Thread.java:1575)
... Removed 15 stack frames]]>
    </failure>
  </testcase> <!-- loginErrorValidation -->
  <testcase classname="princesharma.Tests.ErrorValidationsTest" name="productErrorValidation" time="14.899"/>
</testsuite> <!-- Error Validations Test -->
