<?xml version="1.0" encoding="UTF-8"?>
<testng-results ignored="0" total="0" passed="0" failed="0" skipped="0">
  <reporter-output>
  </reporter-output>
  <suite started-at="2025-03-08T12:27:31 IST" name="Suite" finished-at="2025-03-08T12:27:31 IST" duration-ms="0">
    <groups>
      <group name="ErrorHandling">
        <method signature="ErrorValidationsTest.loginErrorValidation()[pri:0, instance:princesharma.Tests.ErrorValidationsTest@2a225dd7]" name="loginErrorValidation" class="princesharma.Tests.ErrorValidationsTest"/>
      </group> <!-- ErrorHandling -->
      <group name="Purchase">
        <method signature="SubmitOrderTest.submitOrder(java.util.HashMap)[pri:0, instance:princesharma.Tests.SubmitOrderTest@4d6025c5]" name="submitOrder" class="princesharma.Tests.SubmitOrderTest"/>
      </group> <!-- Purchase -->
    </groups>
  </suite> <!-- Suite -->
</testng-results>
